<?xml version="1.0" encoding="UTF-8"?>
<!-- Generated by org.testng.reporters.JUnitReportReporter -->
<testsuite hostname="DESKTOP-8RQD3QV" failures="0" tests="2" name="MyTestCases.MyTestCasess" time="24.930" errors="0" timestamp="2024-03-28T21:12:29 EET" skipped="0">
  <testcase classname="MyTestCases.MyTestCasess" name="MyTest" time="20.494"/>
  <system-out/>
  <testcase classname="MyTestCases.MyTestCasess" name="PressEvenNumbers" time="4.436"/>
  <system-out/>
</testsuite> <!-- MyTestCases.MyTestCasess -->
