<?xml version="1.0" encoding="UTF-8"?>
<!-- Generated by org.testng.reporters.JUnitReportReporter -->
<testsuite hostname="DESKTOP-8RQD3QV" failures="0" tests="2" name="MyTestCases.MyTestCasess" time="37.488" errors="0" timestamp="2024-03-31T23:43:26 EET" skipped="0">
  <testcase classname="MyTestCases.MyTestCasess" name="multiplyTwoNumber" time="20.467"/>
  <system-out/>
  <testcase classname="MyTestCases.MyTestCasess" name="PressEvenNumbers" time="17.021"/>
  <system-out/>
</testsuite> <!-- MyTestCases.MyTestCasess -->
